TN:
SF:src/modules/appointment/services/CreateAppointmentService.ts
FN:16,(anonymous_18)
FN:17,CreateAppointmentService
FN:25,(anonymous_20)
FNF:3
FNH:3
FNDA:1,(anonymous_18)
FNDA:5,CreateAppointmentService
FNDA:7,(anonymous_20)
DA:1,1
DA:2,1
DA:7,1
DA:16,1
DA:19,5
DA:22,5
DA:25,1
DA:26,7
DA:27,7
DA:28,7
DA:30,7
DA:31,1
DA:35,6
DA:37,6
DA:38,1
DA:40,5
DA:41,1
DA:42,4
DA:43,1
DA:45,3
DA:46,1
DA:48,2
DA:54,2
DA:58,4
DA:63,2
DA:65,1
DA:67,1
LF:27
LH:27
BRDA:30,0,0,1
BRDA:30,0,1,6
BRDA:37,1,0,1
BRDA:37,1,1,5
BRDA:40,2,0,1
BRDA:40,2,1,4
BRDA:42,3,0,1
BRDA:42,3,1,3
BRDA:45,4,0,1
BRDA:45,4,1,2
BRF:10
BRH:10
end_of_record
TN:
SF:src/modules/appointment/services/ListDayAvailabilityService.ts
FN:19,(anonymous_18)
FN:20,ListMonthAvailabilityService
FN:25,(anonymous_20)
FN:38,(anonymous_23)
FN:40,(anonymous_24)
FN:45,(anonymous_25)
FNF:6
FNH:6
FNDA:1,(anonymous_18)
FNDA:1,ListMonthAvailabilityService
FNDA:1,(anonymous_20)
FNDA:10,(anonymous_23)
FNDA:10,(anonymous_24)
FNDA:45,(anonymous_25)
DA:1,1
DA:2,1
DA:19,1
DA:22,1
DA:25,1
DA:26,1
DA:27,1
DA:28,1
DA:29,1
DA:31,1
DA:38,10
DA:40,1
DA:41,10
DA:42,10
DA:44,10
DA:45,45
DA:48,10
DA:54,1
DA:56,1
DA:58,1
LF:20
LH:20
BRDA:31,0,0,1
BRDA:50,1,0,10
BRDA:50,1,1,4
BRF:3
BRH:3
end_of_record
TN:
SF:src/modules/appointment/services/ListMonthAvailabilityService.ts
FN:18,(anonymous_17)
FN:19,ListMonthAvailabilityService
FN:24,(anonymous_19)
FN:37,(anonymous_22)
FN:40,(anonymous_23)
FN:42,(anonymous_24)
FNF:6
FNH:6
FNDA:1,(anonymous_17)
FNDA:1,ListMonthAvailabilityService
FNDA:1,(anonymous_19)
FNDA:31,(anonymous_22)
FNDA:31,(anonymous_23)
FNDA:341,(anonymous_24)
DA:1,1
DA:3,1
DA:18,1
DA:21,1
DA:24,1
DA:25,1
DA:26,1
DA:27,1
DA:29,1
DA:35,1
DA:37,31
DA:40,1
DA:41,31
DA:42,341
DA:45,31
DA:47,1
DA:49,1
DA:51,1
LF:18
LH:18
BRDA:29,0,0,1
BRF:1
BRH:1
end_of_record
TN:
SF:src/modules/appointment/services/ListProviderAppointmentsService.ts
FN:14,(anonymous_17)
FN:15,ListProviderAppointmentsService
FN:20,(anonymous_19)
FNF:3
FNH:3
FNDA:1,(anonymous_17)
FNDA:1,ListProviderAppointmentsService
FNDA:1,(anonymous_19)
DA:1,1
DA:14,1
DA:17,1
DA:20,1
DA:21,1
DA:22,1
DA:23,1
DA:24,1
DA:26,1
DA:33,1
DA:35,1
LF:11
LH:11
BRF:0
BRH:0
end_of_record
TN:
SF:src/modules/appointment/services/ListProvidersService.ts
FN:7,(anonymous_17)
FN:8,ListProviderService
FN:13,(anonymous_19)
FN:16,(anonymous_22)
FNF:4
FNH:4
FNDA:1,(anonymous_17)
FNDA:1,ListProviderService
FNDA:1,(anonymous_19)
FNDA:2,(anonymous_22)
DA:1,1
DA:7,1
DA:10,1
DA:13,1
DA:14,1
DA:16,2
DA:18,1
DA:20,1
DA:22,1
LF:9
LH:9
BRDA:14,0,0,1
BRF:1
BRH:1
end_of_record
TN:
SF:src/modules/user/services/AuthenticeteUserService.ts
FN:20,(anonymous_18)
FN:21,AuthenticeteUserService
FN:29,(anonymous_20)
FNF:3
FNH:3
FNDA:1,(anonymous_18)
FNDA:3,AuthenticeteUserService
FNDA:3,(anonymous_20)
DA:1,1
DA:2,1
DA:4,1
DA:8,1
DA:20,1
DA:23,3
DA:26,3
DA:29,1
DA:30,3
DA:31,3
DA:33,3
DA:35,3
DA:36,1
DA:37,2
DA:38,1
DA:40,1
DA:41,1
DA:46,1
DA:48,1
DA:50,1
LF:20
LH:20
BRDA:33,0,0,3
BRDA:35,1,0,1
BRDA:35,1,1,2
BRDA:37,2,0,1
BRDA:37,2,1,1
BRF:5
BRH:5
end_of_record
TN:
SF:src/modules/user/services/CreateUserService.ts
FN:15,(anonymous_18)
FN:16,CreateUserService
FN:24,(anonymous_20)
FNF:3
FNH:3
FNDA:2,(anonymous_18)
FNDA:5,CreateUserService
FNDA:5,(anonymous_20)
DA:1,2
DA:6,2
DA:15,2
DA:18,5
DA:21,5
DA:24,5
DA:25,5
DA:26,1
DA:28,4
DA:30,4
DA:36,4
DA:38,2
DA:40,2
LF:13
LH:13
BRDA:25,0,0,5
BRDA:25,1,0,1
BRDA:25,1,1,4
BRF:3
BRH:3
end_of_record
TN:
SF:src/modules/user/services/ResetPasswordService.ts
FN:15,(anonymous_18)
FN:16,ResetPasswordService
FN:27,(anonymous_20)
FNF:3
FNH:3
FNDA:1,(anonymous_18)
FNDA:4,ResetPasswordService
FNDA:4,(anonymous_20)
DA:1,1
DA:2,1
DA:7,1
DA:15,1
DA:18,4
DA:21,4
DA:24,4
DA:27,4
DA:28,4
DA:30,4
DA:31,1
DA:34,3
DA:35,1
DA:38,2
DA:40,2
DA:42,4
DA:44,1
DA:46,1
LF:18
LH:18
BRDA:28,0,0,4
BRDA:30,1,0,1
BRDA:30,1,1,3
BRDA:34,2,0,1
BRDA:34,2,1,2
BRF:5
BRH:5
end_of_record
TN:
SF:src/modules/user/services/SendForgotPasswordEmailService.ts
FN:10,(anonymous_18)
FN:11,SendForgotPasswordEmailService
FN:22,(anonymous_20)
FNF:3
FNH:3
FNDA:1,(anonymous_18)
FNDA:3,SendForgotPasswordEmailService
FNDA:3,(anonymous_20)
DA:1,1
DA:2,1
DA:7,1
DA:10,1
DA:13,3
DA:16,3
DA:19,3
DA:22,1
DA:23,3
DA:25,3
DA:26,1
DA:29,2
DA:31,2
DA:37,4
DA:52,1
DA:54,1
LF:16
LH:16
BRDA:23,0,0,3
BRDA:25,1,0,1
BRDA:25,1,1,2
BRF:3
BRH:3
end_of_record
TN:
SF:src/modules/user/services/ShowProfileService.ts
FN:8,(anonymous_18)
FN:9,ShowProfileService
FN:14,(anonymous_20)
FNF:3
FNH:3
FNDA:1,(anonymous_18)
FNDA:3,ShowProfileService
FNDA:3,(anonymous_20)
DA:1,1
DA:5,1
DA:8,1
DA:11,3
DA:14,1
DA:15,3
DA:17,3
DA:18,1
DA:23,2
DA:25,2
DA:27,1
DA:29,1
LF:12
LH:12
BRDA:15,0,0,3
BRDA:17,1,0,1
BRDA:17,1,1,2
BRF:3
BRH:3
end_of_record
TN:
SF:src/modules/user/services/UpdateProfileService.ts
FN:17,(anonymous_18)
FN:18,UpdateProfileService
FN:26,(anonymous_20)
FNF:3
FNH:3
FNDA:1,(anonymous_18)
FNDA:7,UpdateProfileService
FNDA:7,(anonymous_20)
DA:1,1
DA:6,1
DA:17,1
DA:20,7
DA:23,7
DA:26,1
DA:27,7
DA:28,7
DA:29,7
DA:30,7
DA:31,7
DA:33,7
DA:35,7
DA:36,1
DA:41,6
DA:42,6
DA:43,1
DA:45,5
DA:46,5
DA:48,7
DA:49,3
DA:50,4
DA:51,2
DA:56,2
DA:57,1
DA:60,3
DA:62,3
DA:63,3
DA:65,1
DA:67,1
LF:30
LH:30
BRDA:33,0,0,7
BRDA:33,0,1,3
BRDA:35,1,0,1
BRDA:35,1,1,6
BRDA:42,2,0,1
BRDA:42,2,1,5
BRDA:42,3,0,6
BRDA:42,3,1,5
BRDA:48,4,0,2
BRDA:48,4,1,3
BRDA:50,5,0,1
BRDA:50,5,1,2
BRDA:49,6,0,2
BRDA:49,6,1,1
BRF:14
BRH:14
end_of_record
TN:
SF:src/modules/user/services/UpdateUserAvatarService.ts
FN:17,(anonymous_18)
FN:18,UpdateUserAvatarService
FN:26,(anonymous_20)
FNF:3
FNH:3
FNDA:1,(anonymous_18)
FNDA:3,UpdateUserAvatarService
FNDA:4,(anonymous_20)
DA:3,1
DA:9,1
DA:17,1
DA:20,3
DA:23,3
DA:26,1
DA:27,4
DA:28,4
DA:30,4
DA:32,4
DA:33,1
DA:38,5
DA:39,2
DA:42,3
DA:44,3
DA:45,6
DA:47,3
DA:49,1
DA:51,1
LF:19
LH:19
BRDA:30,0,0,4
BRDA:30,0,1,3
BRDA:32,1,0,1
BRDA:32,1,1,3
BRDA:38,2,0,2
BRDA:38,2,1,1
BRF:6
BRH:6
end_of_record
